<?xml version="1.0" encoding="UTF-8"?>
<!-- Generated by org.testng.reporters.JUnitReportReporter -->
<testsuite hostname="DESKTOP-HIN4ESK" failures="0" tests="1" name="Movie_search.moviesearchwithsingleletter" time="3.588" errors="0" timestamp="2024-08-26T08:49:17 IST" skipped="0">
  <testcase classname="Movie_search.moviesearchwithsingleletter" name="searchAndCheckMovie" time="3.588"/>
</testsuite> <!-- Movie_search.moviesearchwithsingleletter -->
