<?xml version="1.0" encoding="UTF-8"?>
<!-- Generated by org.testng.reporters.JUnitReportReporter -->
<testsuite hostname="DESKTOP-HIN4ESK" failures="0" tests="1" name="Movie_search.moviesearch" time="4.031" errors="0" timestamp="2024-08-26T07:37:17 IST" skipped="0">
  <testcase classname="Movie_search.moviesearch" name="searchAndCheckMovie" time="4.031"/>
</testsuite> <!-- Movie_search.moviesearch -->
